<?xml version="1.0" encoding="UTF-8"?>
<!-- Generated by org.testng.reporters.JUnitReportReporter -->
<testsuite hostname="Lenovo-PC" failures="0" tests="5" name="interview_help.Fibonacci_Series" time="21.696" errors="0" timestamp="04 Apr 2019 08:43:28 GMT" skipped="0">
  <testcase classname="interview_help.Fibonacci_Series" name="Fibonacci_Example01" time="7.584"/>
  <testcase classname="interview_help.Fibonacci_Series" name="Fibonacci_Example02" time="14.112"/>
  <testcase classname="interview_help.Fibonacci_Series" name="Fibonacci_Example03" time="0.000"/>
  <testcase classname="interview_help.Fibonacci_Series" name="Fibonacci_Example04" time="0.000"/>
  <testcase classname="interview_help.Fibonacci_Series" name="Fibonacci_Example05" time="0.000"/>
</testsuite> <!-- interview_help.Fibonacci_Series -->
