<?xml version="1.0" encoding="UTF-8"?>
<!-- Generated by org.testng.reporters.JUnitReportReporter -->
<testsuite hostname="Lenovo-PC" failures="0" tests="2" name="log4j.Log4jTest" time="0.124" errors="0" timestamp="09 Apr 2019 13:29:29 GMT" skipped="0">
  <testcase classname="log4j.Log4jTest" name="get_title" time="0.026"/>
  <testcase classname="log4j.Log4jTest" name="gmail_link_displayed" time="0.098"/>
</testsuite> <!-- log4j.Log4jTest -->
